\BOOKMARK [1][-]{section.1}{\376\377\000I\000n\000t\000r\000o\000d\000u\000c\000t\000i\000o\000n}{}% 1
\BOOKMARK [1][-]{section.2}{\376\377\000R\000e\000l\000a\000t\000e\000d\000\040\000W\000o\000r\000k}{}% 2
\BOOKMARK [1][-]{section.3}{\376\377\000S\000y\000s\000t\000e\000m\000\040\000A\000r\000c\000h\000i\000t\000e\000c\000t\000u\000r\000e}{}% 3
\BOOKMARK [1][-]{section.4}{\376\377\000M\000e\000t\000h\000o\000d\000o\000l\000o\000g\000y}{}% 4
\BOOKMARK [2][-]{subsection.4.1}{\376\377\000M\000u\000l\000t\000i\000-\000S\000c\000a\000l\000e\000\040\000D\000e\000t\000e\000c\000t\000o\000r\000\040\000E\000n\000s\000e\000m\000b\000l\000e}{section.4}% 5
\BOOKMARK [3][-]{subsubsection.4.1.1}{\376\377\000C\000U\000S\000U\000M\000\040\000S\000e\000q\000u\000e\000n\000t\000i\000a\000l\000\040\000D\000e\000t\000e\000c\000t\000o\000r\000\040\000\050\0005\040\023\0001\0000\000\040\000d\000a\000y\000\051}{subsection.4.1}% 6
\BOOKMARK [3][-]{subsubsection.4.1.2}{\376\377\000E\000W\000M\000A\000\040\000V\000o\000l\000a\000t\000i\000l\000i\000t\000y\000\040\000C\000r\000o\000s\000s\000o\000v\000e\000r\000\040\000\050\0002\0001\040\023\0004\0002\000\040\000d\000a\000y\000\051}{subsection.4.1}% 7
\BOOKMARK [3][-]{subsubsection.4.1.3}{\376\377\000H\000a\000m\000i\000l\000t\000o\000n\000\040\000M\000a\000r\000k\000o\000v\000-\000S\000w\000i\000t\000c\000h\000i\000n\000g\000\040\000w\000i\000t\000h\000\040\000R\000e\000c\000u\000r\000s\000i\000v\000e\000\040\000F\000i\000l\000t\000e\000r\000\040\000\050\0006\0003\040\023\0001\0002\0006\000\040\000d\000a\000y\000\051}{subsection.4.1}% 8
\BOOKMARK [3][-]{subsubsection.4.1.4}{\376\377\000S\000t\000r\000u\000c\000t\000u\000r\000a\000l\000\040\000B\000r\000e\000a\000k\000\040\000D\000e\000t\000e\000c\000t\000i\000o\000n\000\040\000\050\0002\0005\0002\000+\000\040\000d\000a\000y\000\051}{subsection.4.1}% 9
\BOOKMARK [2][-]{subsection.4.2}{\376\377\000F\000u\000z\000z\000y\000\040\000A\000g\000g\000r\000e\000g\000a\000t\000i\000o\000n\000\040\000F\000r\000a\000m\000e\000w\000o\000r\000k}{section.4}% 10
\BOOKMARK [2][-]{subsection.4.3}{\376\377\000A\000s\000s\000e\000t\000\040\000C\000h\000a\000r\000a\000c\000t\000e\000r\000i\000z\000a\000t\000i\000o\000n}{section.4}% 11
\BOOKMARK [3][-]{subsubsection.4.3.1}{\376\377\000G\000A\000R\000C\000H\000\050\0001\000,\0001\000\051\000-\000t\000\040\000C\000o\000n\000d\000i\000t\000i\000o\000n\000a\000l\000\040\000V\000o\000l\000a\000t\000i\000l\000i\000t\000y}{subsection.4.3}% 12
\BOOKMARK [3][-]{subsubsection.4.3.2}{\376\377\000O\000r\000n\000s\000t\000e\000i\000n\000-\000U\000h\000l\000e\000n\000b\000e\000c\000k\000\040\000R\000e\000c\000o\000v\000e\000r\000y\000\040\000H\000a\000l\000f\000-\000L\000i\000f\000e}{subsection.4.3}% 13
\BOOKMARK [2][-]{subsection.4.4}{\376\377\000A\000d\000a\000p\000t\000i\000v\000e\000\040\000B\000a\000s\000k\000e\000t\000\040\000C\000o\000n\000s\000t\000r\000u\000c\000t\000i\000o\000n}{section.4}% 14
\BOOKMARK [2][-]{subsection.4.5}{\376\377\000I\000m\000p\000l\000i\000c\000i\000t\000\040\000C\000a\000s\000h\000\040\000A\000l\000l\000o\000c\000a\000t\000i\000o\000n}{section.4}% 15
\BOOKMARK [2][-]{subsection.4.6}{\376\377\000W\000a\000l\000k\000-\000F\000o\000r\000w\000a\000r\000d\000\040\000V\000a\000l\000i\000d\000a\000t\000i\000o\000n}{section.4}% 16
\BOOKMARK [1][-]{section.5}{\376\377\000R\000e\000s\000u\000l\000t\000s}{}% 17
\BOOKMARK [2][-]{subsection.5.1}{\376\377\000D\000a\000t\000a}{section.5}% 18
\BOOKMARK [2][-]{subsection.5.2}{\376\377\000P\000o\000r\000t\000f\000o\000l\000i\000o\000\040\000P\000e\000r\000f\000o\000r\000m\000a\000n\000c\000e}{section.5}% 19
\BOOKMARK [2][-]{subsection.5.3}{\376\377\000R\000o\000l\000l\000i\000n\000g\000\040\000P\000e\000r\000f\000o\000r\000m\000a\000n\000c\000e\000\040\000S\000t\000a\000b\000i\000l\000i\000t\000y}{section.5}% 20
\BOOKMARK [2][-]{subsection.5.4}{\376\377\000M\000u\000l\000t\000i\000-\000S\000c\000a\000l\000e\000\040\000D\000e\000t\000e\000c\000t\000o\000r\000\040\000R\000e\000s\000p\000o\000n\000s\000e}{section.5}% 21
\BOOKMARK [2][-]{subsection.5.5}{\376\377\000D\000e\000t\000e\000c\000t\000o\000r\000\040\000C\000o\000n\000t\000r\000i\000b\000u\000t\000i\000o\000n\000\040\000A\000n\000a\000l\000y\000s\000i\000s}{section.5}% 22
\BOOKMARK [2][-]{subsection.5.6}{\376\377\000S\000e\000c\000t\000o\000r\000\040\000R\000e\000c\000o\000v\000e\000r\000y\000\040\000D\000y\000n\000a\000m\000i\000c\000s}{section.5}% 23
\BOOKMARK [1][-]{section.6}{\376\377\000D\000i\000s\000c\000u\000s\000s\000i\000o\000n}{}% 24
\BOOKMARK [2][-]{subsection.6.1}{\376\377\000T\000h\000e\000\040\000N\000o\000r\000m\000a\000l\000i\000z\000a\000t\000i\000o\000n\000\040\000P\000r\000o\000b\000l\000e\000m}{section.6}% 25
\BOOKMARK [2][-]{subsection.6.2}{\376\377\000D\000e\000t\000e\000c\000t\000o\000r\000\040\000S\000c\000a\000l\000e\000\040\000I\000n\000v\000a\000r\000i\000a\000n\000c\000e}{section.6}% 26
\BOOKMARK [2][-]{subsection.6.3}{\376\377\000L\000i\000m\000i\000t\000a\000t\000i\000o\000n\000s}{section.6}% 27
\BOOKMARK [2][-]{subsection.6.4}{\376\377\000R\000o\000b\000u\000s\000t\000n\000e\000s\000s}{section.6}% 28
\BOOKMARK [1][-]{section.7}{\376\377\000C\000o\000n\000c\000l\000u\000s\000i\000o\000n}{}% 29
